Determining if the pthread_create exist failed with the following output:
Change Dir: /mnt/win_d/projects/libCommon/CMakeFiles/CMakeTmp

Run Build Command:"/usr/bin/make" "cmTC_59215/fast"
/usr/bin/make -f CMakeFiles/cmTC_59215.dir/build.make CMakeFiles/cmTC_59215.dir/build
make[1]: Entering directory '/mnt/win_d/projects/libCommon/CMakeFiles/CMakeTmp'
Building C object CMakeFiles/cmTC_59215.dir/CheckSymbolExists.c.o
/usr/bin/cc     -o CMakeFiles/cmTC_59215.dir/CheckSymbolExists.c.o   -c /mnt/win_d/projects/libCommon/CMakeFiles/CMakeTmp/CheckSymbolExists.c
Linking C executable cmTC_59215
/usr/bin/cmake -E cmake_link_script CMakeFiles/cmTC_59215.dir/link.txt --verbose=1
/usr/bin/cc       CMakeFiles/cmTC_59215.dir/CheckSymbolExists.c.o  -o cmTC_59215 -rdynamic 
CMakeFiles/cmTC_59215.dir/CheckSymbolExists.c.o: In function `main':
CheckSymbolExists.c:(.text+0x1b): undefined reference to `pthread_create'
collect2: error: ld returned 1 exit status
CMakeFiles/cmTC_59215.dir/build.make:97: recipe for target 'cmTC_59215' failed
make[1]: *** [cmTC_59215] Error 1
make[1]: Leaving directory '/mnt/win_d/projects/libCommon/CMakeFiles/CMakeTmp'
Makefile:126: recipe for target 'cmTC_59215/fast' failed
make: *** [cmTC_59215/fast] Error 2

File /mnt/win_d/projects/libCommon/CMakeFiles/CMakeTmp/CheckSymbolExists.c:
/* */
#include <pthread.h>

int main(int argc, char** argv)
{
  (void)argv;
#ifndef pthread_create
  return ((int*)(&pthread_create))[argc];
#else
  (void)argc;
  return 0;
#endif
}

Determining if the function pthread_create exists in the pthreads failed with the following output:
Change Dir: /mnt/win_d/projects/libCommon/CMakeFiles/CMakeTmp

Run Build Command:"/usr/bin/make" "cmTC_4cf13/fast"
/usr/bin/make -f CMakeFiles/cmTC_4cf13.dir/build.make CMakeFiles/cmTC_4cf13.dir/build
make[1]: Entering directory '/mnt/win_d/projects/libCommon/CMakeFiles/CMakeTmp'
Building C object CMakeFiles/cmTC_4cf13.dir/CheckFunctionExists.c.o
/usr/bin/cc    -DCHECK_FUNCTION_EXISTS=pthread_create   -o CMakeFiles/cmTC_4cf13.dir/CheckFunctionExists.c.o   -c /usr/share/cmake-3.7/Modules/CheckFunctionExists.c
Linking C executable cmTC_4cf13
/usr/bin/cmake -E cmake_link_script CMakeFiles/cmTC_4cf13.dir/link.txt --verbose=1
/usr/bin/cc   -DCHECK_FUNCTION_EXISTS=pthread_create    CMakeFiles/cmTC_4cf13.dir/CheckFunctionExists.c.o  -o cmTC_4cf13 -rdynamic -lpthreads 
/usr/bin/ld: cannot find -lpthreads
collect2: error: ld returned 1 exit status
CMakeFiles/cmTC_4cf13.dir/build.make:97: recipe for target 'cmTC_4cf13' failed
make[1]: *** [cmTC_4cf13] Error 1
make[1]: Leaving directory '/mnt/win_d/projects/libCommon/CMakeFiles/CMakeTmp'
Makefile:126: recipe for target 'cmTC_4cf13/fast' failed
make: *** [cmTC_4cf13/fast] Error 2


Determining if the function aio_init exists in the aio failed with the following output:
Change Dir: /mnt/win_d/projects/libCommon/CMakeFiles/CMakeTmp

Run Build Command:"/usr/bin/make" "cmTC_e398e/fast"
/usr/bin/make -f CMakeFiles/cmTC_e398e.dir/build.make CMakeFiles/cmTC_e398e.dir/build
make[1]: Entering directory '/mnt/win_d/projects/libCommon/CMakeFiles/CMakeTmp'
Building C object CMakeFiles/cmTC_e398e.dir/CheckFunctionExists.c.o
/usr/bin/cc    -DCHECK_FUNCTION_EXISTS=aio_init   -o CMakeFiles/cmTC_e398e.dir/CheckFunctionExists.c.o   -c /usr/share/cmake-3.7/Modules/CheckFunctionExists.c
Linking C executable cmTC_e398e
/usr/bin/cmake -E cmake_link_script CMakeFiles/cmTC_e398e.dir/link.txt --verbose=1
/usr/bin/cc   -DCHECK_FUNCTION_EXISTS=aio_init    CMakeFiles/cmTC_e398e.dir/CheckFunctionExists.c.o  -o cmTC_e398e -rdynamic -laio 
CMakeFiles/cmTC_e398e.dir/CheckFunctionExists.c.o: In function `main':
CheckFunctionExists.c:(.text+0x15): undefined reference to `aio_init'
collect2: error: ld returned 1 exit status
CMakeFiles/cmTC_e398e.dir/build.make:97: recipe for target 'cmTC_e398e' failed
make[1]: *** [cmTC_e398e] Error 1
make[1]: Leaving directory '/mnt/win_d/projects/libCommon/CMakeFiles/CMakeTmp'
Makefile:126: recipe for target 'cmTC_e398e/fast' failed
make: *** [cmTC_e398e/fast] Error 2


